INPUT INSTRUCTIONS

  TITLE:

      UTEC COMPETING RISK DATA FOR FIRST OCCUPATIONAL SHIFT

	  Model 1

  DATA:

      file is teacher.dat;

  VARIABLE:

      names are utecid ...
      ae31-ae35 etype;

      usevariables are ae31-ae35 etype
              gender blkhis;

      useobs are cohort<7;

      categorical are ae31-ae35;

      nominal are etype;

      missing are all(999 5);

      idvar is utecid;

      classes = c(1);


  ANALYSIS:

      Type = Mixture Missing;

      Starts = 100 10;


  MODEL:

      %overall%

      ae31-ae35 on gender (1);

      ae31-ae35 on blkhis (2);

      etype#1 on gender blkhis;


  OUTPUT:

          Tech1 Tech8;



*** WARNING
  Data set contains cases with missing on all variables.
  These cases were not included in the analysis.
  Number of cases with missing on all variables:  2
*** WARNING
  Data set contains cases with missing on x-variables.
  These cases were not included in the analysis.
  Number of cases with missing on x-variables:  18
*** WARNING
  Data set contains cases with missing on all variables except
  x-variables.  These cases were not included in the analysis.
  Number of cases with missing on all variables except x-variables:  41
   3 WARNING(S) FOUND IN THE INPUT INSTRUCTIONS





UTEC COMPETING RISK DATA FOR FIRST OCCUPATIONAL SHIFT

SUMMARY OF ANALYSIS

Number of groups                                                 1
Number of observations                                         496

Number of dependent variables                                    6
Number of independent variables                                  2
Number of continuous latent variables                            0
Number of categorical latent variables                           1

Observed dependent variables

  Binary and ordered categorical (ordinal)
   AE31        AE33        AE34        AE35        AE35

  Unordered categorical (nominal)
   ETYPE

Observed independent variables
   GENDER      BLKHIS

Categorical latent variables
   C

Variables with special functions

  ID variable           UTECID

Estimator                                                      MLR
Information matrix                                        OBSERVED
Optimization Specifications for the Quasi-Newton Algorithm for
Continuous Outcomes
  Maximum number of iterations                                1000
  Convergence criterion                                  0.100D-05
Optimization Specifications for the EM Algorithm
  Maximum number of iterations                                 500
  Convergence criteria
    Loglikelihood change                                 0.100D-06
    Relative loglikelihood change                        0.100D-06
    Derivative                                           0.100D-05
Optimization Specifications for the M step of the EM Algorithm for
Categorical Latent variables
  Number of M step iterations                                    1
  M step convergence criterion                           0.100D-05
  Basis for M step termination                           ITERATION
Optimization Specifications for the M step of the EM Algorithm for
Censored, Binary or Ordered Categorical (Ordinal), Unordered
Categorical (Nominal) and Count Outcomes
  Number of M step iterations                                    1
  M step convergence criterion                           0.100D-05
  Basis for M step termination                           ITERATION
  Maximum value for logit thresholds                            15
  Minimum value for logit thresholds                           -15
  Minimum expected cell size for chi-square              0.100D-01
Maximum number of iterations for H1                           2000
Convergence criterion for H1                             0.100D-03
Optimization algorithm                                         EMA
Random Starts Specifications
  Number of initial stage starts                               100
  Number of final stage starts                                  10
  Number of initial stage iterations                            10
  Initial stage convergence criterion                    0.100D+01
  Random starts scale                                    0.500D+01
  Random seed for generating random starts                       0

Input data file(s)
  cdrdata_999_Mplus.dat
Input data format  FREE


SUMMARY OF DATA

     Number of patterns           5
     Number of y patterns         0
     Number of u patterns         5


COVARIANCE COVERAGE OF DATA

Minimum covariance coverage value   0.100


     PROPORTION OF DATA PRESENT FOR U


           Covariance Coverage
              ae31          AE33          AE34          AE35          ae35
              ________      ________      ________      ________      ________
 ae31           1.000
 AE33           0.692         0.692
 AE34           0.476         0.476         0.476
 AE35           0.282         0.282         0.282         0.282
 ae35           0.159         0.159         0.159         0.159         0.159


SUMMARY OF CATEGORICAL DATA PROPORTIONS

    ae31
      Category 1    0.948
      Category 2    0.052
    AE33
      Category 1    0.942
      Category 2    0.058
    AE34
      Category 1    0.890
      Category 2    0.110
    AE35
      Category 1    0.886
      Category 2    0.114
    ae35
      Category 1    0.785
      Category 2    0.215
    etype
      Category 1    0.686
      Category 2    0.314


RANDOM STARTS RESULTS RANKED FROM THE BEST TO THE WORST LOGLIKELIHOOD VALUES

Initial stage loglikelihood values, seeds, and initial stage start numbers:

            -409.163  unperturbed      0

Loglikelihood values at local maxima, seeds, and initial stage start numbers:

            -409.163  unperturbed      0
            -409.163  76974            16
            -409.163  127215           9
            -409.163  846194           93
            -409.163  364676           27
            -409.163  370466           41
            -409.163  407168           44
            -409.163  131856           90
            -409.163  120506           45
            -409.163  576596           99



THE MODEL ESTIMATION TERMINATED NORMALLY



TESTS OF MODEL FIT

Loglikelihood

          H0 Value                        -409.163

Information Criteria

          Number of Free Parameters             10
          Akaike (AIC)                     838.325
          Bayesian (BIC)                   880.391
          Sample-Size Adjusted BIC         848.651
            (n* = (n + 2) / 24)



FINAL CLASS COUNTS AND PROPORTIONS FOR THE LATENT CLASSES
BASED ON THE ESTIMATED MODEL

    Latent
   Classes

       1        496.00000          1.00000


FINAL CLASS COUNTS AND PROPORTIONS FOR THE LATENT CLASS PATTERNS
BASED ON ESTIMATED POSTERIOR PROBABILITIES

    Latent
   Classes

       1        496.00000          1.00000


CLASSIFICATION OF INDIVIDUALS BASED ON THEIR MOST LIKELY LATENT CLASS MEMBERSHIP

Class Counts and Proportions

    Latent
   Classes

       1              496          1.00000


Average Latent Class Probabilities for Most Likely Latent Class Membership (Row)
by Latent Class (Column)

          1

   1   1.000


MODEL RESULTS

                   Estimates     S.E.  Est./S.E.

Latent Class 1

 AE31       ON
    GENDER            -0.627    0.293     -2.140
    BLKHIS            -0.568    0.259     -2.192

 AE32       ON
    GENDER            -0.627    0.293     -2.140
    BLKHIS            -0.568    0.259     -2.192

 AE33       ON
    GENDER            -0.627    0.293     -2.140
    BLKHIS            -0.568    0.259     -2.192

 AE34       ON
    GENDER            -0.627    0.293     -2.140
    BLKHIS            -0.568    0.259     -2.192

 AE35       ON
    GENDER            -0.627    0.293     -2.140
    BLKHIS            -0.568    0.259     -2.192

 ETYPE#1 ON
    GENDER             0.032    0.659      0.049
    BLKHIS             1.122    0.639      1.757

 Means
    ETYPE#1           0.603    0.240      2.506

 Thresholds
    AE31$1             2.645    0.218     12.107
    AE32$1             2.545    0.238     10.679
    AE33$1             1.847    0.221      8.359
    AE34$1             1.793    0.272      6.601
    AE35$1             0.988    0.290      3.407


QUALITY OF NUMERICAL RESULTS

     Condition Number for the Information Matrix              0.363E-01
       (ratio of smallest to largest eigenvalue)


