INPUT INSTRUCTIONS

  TITLE:

    RIA Example

    No covariates

  DATA:

    File is violence.dat;

  VARIABLE:

    Names are 

    case,...,
    evio11,evio12,evio13,evio14,evio15,evio16,...;

    Idvariable is case;

    Usevar are evio11-evio16;
    
    Missing are all(999);
    
    Categorical are evio11-evio16; 

    classes = c(1);

  ANALYSIS:

    Type=Mixture missing;
    
    STARTS=100 10;


  MODEL:

    %overall%



INPUT READING TERMINATED NORMALLY


RIA Example

No covariates

SUMMARY OF ANALYSIS

Number of groups                                                 1
Number of observations                                         170

Number of dependent variables                                    6
Number of independent variables                                  0
Number of continuous latent variables                            0
Number of categorical latent variables                           1

Observed dependent variables

  Binary and ordered categorical (ordinal)
   evio11      evio12      evio13      evio14      evio15      evio16

Categorical latent variables
   C

Variables with special functions

  ID variable           CASE

Estimator                                                      MLR
Information matrix                                        OBSERVED
Optimization Specifications for the Quasi-Newton Algorithm for
Continuous Outcomes
  Maximum number of iterations                                1000
  Convergence criterion                                  0.100D-05
Optimization Specifications for the EM Algorithm
  Maximum number of iterations                                 500
  Convergence criteria
    Loglikelihood change                                 0.100D-06
    Relative loglikelihood change                        0.100D-06
    Derivative                                           0.100D-05
Optimization Specifications for the M step of the EM Algorithm for
Categorical Latent variables
  Number of M step iterations                                    1
  M step convergence criterion                           0.100D-05
  Basis for M step termination                           ITERATION
Optimization Specifications for the M step of the EM Algorithm for
Censored, Binary or Ordered Categorical (Ordinal), Unordered
Categorical (Nominal) and Count Outcomes
  Number of M step iterations                                    1
  M step convergence criterion                           0.100D-05
  Basis for M step termination                           ITERATION
  Maximum value for logit thresholds                            15
  Minimum value for logit thresholds                           -15
  Minimum expected cell size for chi-square              0.100D-01
Maximum number of iterations for H1                           2000
Convergence criterion for H1                             0.100D-03
Optimization algorithm                                         EMA
Random Starts Specifications
  Number of initial stage starts                               100
  Number of final stage starts                                  10
  Number of initial stage iterations                            10
  Initial stage convergence criterion                    0.100D+01
  Random starts scale                                    0.500D+01
  Random seed for generating random starts                       0

Input data file(s)
  masyn08292003.dat
Input data format  FREE


SUMMARY OF DATA

     Number of patterns           6
     Number of y patterns         0
     Number of u patterns         6


COVARIANCE COVERAGE OF DATA

Minimum covariance coverage value   0.100


     PROPORTION OF DATA PRESENT FOR U


           Covariance Coverage
              evio11        evio12        evio13        evio14        evio15
              ________      ________      ________      ________      ________
 evio11         1.000
 evio12         0.800         0.800
 evio13         0.724         0.724         0.724
 evio14         0.671         0.671         0.671         0.671
 evio15         0.635         0.635         0.635         0.635         0.635
 evio16         0.612         0.612         0.612         0.612         0.612


           Covariance Coverage
              evio16
              ________
 evio16         0.612


SUMMARY OF CATEGORICAL DATA PROPORTIONS

    evio11
      Category 1    0.800
      Category 2    0.200
    evio12
      Category 1    0.904
      Category 2    0.096
    evio13
      Category 1    0.927
      Category 2    0.073
    evio14
      Category 1    0.947
      Category 2    0.053
    evio15
      Category 1    0.963
      Category 2    0.037
    evio16
      Category 1    0.971
      Category 2    0.029


RANDOM STARTS RESULTS RANKED FROM THE BEST TO THE WORST LOGLIKELIHOOD VALUES

Initial stage loglikelihood values, seeds, and initial stage start numbers:

            -214.351  unperturbed      0
            -214.351  575700           100
            -214.351  576596           99


Loglikelihood values at local maxima, seeds, and initial stage start numbers:

            -214.351  unperturbed      0
            -214.351  813779           92
            -214.351  846194           93
            -214.351  247224           94
            -214.351  848890           95
            -214.351  124999           96
            -214.351  723775           97
            -214.351  570908           98
            -214.351  576596           99
            -214.351  575700           100



THE MODEL ESTIMATION TERMINATED NORMALLY



TESTS OF MODEL FIT

Loglikelihood

          H0 Value                        -214.351

Information Criteria

          Number of Free Parameters              6
          Akaike (AIC)                     440.703
          Bayesian (BIC)                   459.518
          Sample-Size Adjusted BIC         440.519
            (n* = (n + 2) / 24)

Chi-Square Test of Model Fit for the Binary and Ordered Categorical
(Ordinal) Outcomes

          Pearson Chi-Square

          Value                              0.000
          Degrees of Freedom                    57
          P-Value                           1.0000

          Likelihood Ratio Chi-Square

          Value                              0.000
          Degrees of Freedom                    57
          P-Value                           1.0000

Chi-Square Test for MCAR under the Unrestricted Latent Class Indicator Model

          Pearson Chi-Square

          Value                            623.424
          Degrees of Freedom                    57
          P-Value                           0.0000

          Likelihood Ratio Chi-Square

          Value                            401.515
          Degrees of Freedom                    57
          P-Value                           0.0000



FINAL CLASS COUNTS AND PROPORTIONS FOR THE LATENT CLASSES
BASED ON THE ESTIMATED MODEL

    Latent
   Classes

       1        170.00000          1.00000


FINAL CLASS COUNTS AND PROPORTIONS FOR THE LATENT CLASS PATTERNS
BASED ON ESTIMATED POSTERIOR PROBABILITIES

    Latent
   Classes

       1        170.00000          1.00000


CLASSIFICATION OF INDIVIDUALS BASED ON THEIR MOST LIKELY LATENT CLASS MEMBERSHIP

Class Counts and Proportions

    Latent
   Classes

       1              170          1.00000


Average Latent Class Probabilities for Most Likely Latent Class Membership (Row)
by Latent Class (Column)

          1

   1   1.000


MODEL RESULTS

                   Estimates     S.E.  Est./S.E.

Latent Class 1

 Thresholds
    evio11$1           1.386    0.192      7.230
    evio12$1           2.247    0.292      7.706
    evio13$1           2.539    0.346      7.333
    evio14$1           2.890    0.419      6.891
    evio15$1           3.258    0.510      6.394
    evio16$1           3.517    0.586      6.002


RESULTS IN PROBABILITY SCALE

Latent Class 1

 evio11
    Category 1         0.800    0.031     26.077
    Category 2         0.200    0.031      6.519
 evio12
    Category 1         0.904    0.025     35.872
    Category 2         0.096    0.025      3.791
 evio13
    Category 1         0.927    0.023     39.472
    Category 2         0.073    0.023      3.116
 evio14
    Category 1         0.947    0.021     45.299
    Category 2         0.053    0.021      2.517
 evio15
    Category 1         0.963    0.018     52.991
    Category 2         0.037    0.018      2.038
 evio16
    Category 1         0.971    0.016     59.172
    Category 2         0.029    0.016      1.758


QUALITY OF NUMERICAL RESULTS

     Condition Number for the Information Matrix              0.107E+00
       (ratio of smallest to largest eigenvalue)


